<?xml version="1.0" encoding="UTF-8"?>
<!-- Generated by org.testng.reporters.JUnitReportReporter -->
<testsuite skipped="0" hostname="DESKTOP-IVGPN1D" name="com.demo.action.TestPractice1" tests="1" failures="0" timestamp="29 Sep 2021 11:10:05 GMT" time="11.875" errors="0">
  <testcase name="InputForm" time="11.875" classname="com.demo.action.TestPractice1"/>
</testsuite> <!-- com.demo.action.TestPractice1 -->
