<?xml version="1.0" encoding="UTF-8"?>
<!-- Generated by org.testng.reporters.JUnitReportReporter -->
<testsuite skipped="0" hostname="DESKTOP-IVGPN1D" name="com.demo.action.JvaScriptExeTest" tests="1" failures="0" timestamp="05 Oct 2021 16:45:40 GMT" time="6.537" errors="0">
  <testcase name="JavaTest" time="6.537" classname="com.demo.action.JvaScriptExeTest"/>
</testsuite> <!-- com.demo.action.JvaScriptExeTest -->
