<?xml version="1.0" encoding="UTF-8"?>
<!-- Generated by org.testng.reporters.JUnitReportReporter -->
<testsuite skipped="0" hostname="DESKTOP-IVGPN1D" name="com.demo.action.TableTest" tests="1" failures="0" timestamp="29 Sep 2021 11:10:05 GMT" time="6.119" errors="0">
  <testcase name="CheckTable" time="6.119" classname="com.demo.action.TableTest"/>
</testsuite> <!-- com.demo.action.TableTest -->
