<?xml version="1.0" encoding="UTF-8"?>
<!-- Generated by org.testng.reporters.JUnitReportReporter -->
<testsuite skipped="0" hostname="DESKTOP-IVGPN1D" name="com.demo.action.FrameHandling" tests="1" failures="0" timestamp="29 Sep 2021 11:10:05 GMT" time="11.015" errors="0">
  <testcase name="FrameHandlingTest" time="11.015" classname="com.demo.action.FrameHandling"/>
</testsuite> <!-- com.demo.action.FrameHandling -->
