<?xml version="1.0" encoding="UTF-8"?>
<!-- Generated by org.testng.reporters.JUnitReportReporter -->
<testsuite skipped="0" hostname="DESKTOP-IVGPN1D" name="com.demo.action.AssertionTest" tests="2" failures="0" timestamp="17 Dec 2021 16:01:47 GMT" time="0.022" errors="0">
  <testcase name="testAss" time="0.020" classname="com.demo.action.AssertionTest"/>
  <testcase name="testTwo" time="0.002" classname="com.demo.action.AssertionTest"/>
</testsuite> <!-- com.demo.action.AssertionTest -->
