<?xml version="1.0" encoding="UTF-8"?>
<!-- Generated by org.testng.reporters.JUnitReportReporter -->
<testsuite skipped="0" hostname="DESKTOP-IVGPN1D" name="com.demo.action.MultipleWindowHandlingTest" tests="1" failures="0" timestamp="18 Dec 2021 09:37:38 GMT" time="6.399" errors="0">
  <testcase name="CheckWindowHandling" time="6.399" classname="com.demo.action.MultipleWindowHandlingTest"/>
</testsuite> <!-- com.demo.action.MultipleWindowHandlingTest -->
