<?xml version="1.0" encoding="UTF-8"?>
<!-- Generated by org.testng.reporters.JUnitReportReporter -->
<testsuite skipped="0" hostname="DESKTOP-IVGPN1D" name="com.demo.action.DropDownSelection" tests="1" failures="0" timestamp="29 Sep 2021 11:10:05 GMT" time="9.219" errors="0">
  <testcase name="DropDownTest" time="9.219" classname="com.demo.action.DropDownSelection"/>
</testsuite> <!-- com.demo.action.DropDownSelection -->
