<?xml version="1.0" encoding="UTF-8"?>
<!-- Generated by org.testng.reporters.JUnitReportReporter -->
<testsuite skipped="0" hostname="DESKTOP-IVGPN1D" name="com.demo.action.AlertClass" tests="1" failures="0" timestamp="06 Oct 2021 16:00:51 GMT" time="12.851" errors="0">
  <testcase name="HandleAlert" time="12.851" classname="com.demo.action.AlertClass"/>
</testsuite> <!-- com.demo.action.AlertClass -->
